wrz 19, 2022 10:22:08 AM org.hibernate.jpa.internal.util.LogHelper logPersistenceUnitInformation
INFO: HHH000204: Processing PersistenceUnitInfo [name: todo_app]
wrz 19, 2022 10:22:09 AM org.hibernate.Version logVersion
INFO: HHH000412: Hibernate ORM core version [WORKING]
wrz 19, 2022 10:22:13 AM org.hibernate.engine.jdbc.connections.internal.DriverManagerConnectionProviderImpl configure
WARN: HHH10001002: Using built-in connection pool (not intended for production use)
wrz 19, 2022 10:22:13 AM org.hibernate.engine.jdbc.connections.internal.DriverManagerConnectionProviderImpl buildCreator
INFO: HHH10001005: Loaded JDBC driver class: com.mysql.cj.jdbc.Driver
wrz 19, 2022 10:22:13 AM org.hibernate.engine.jdbc.connections.internal.DriverManagerConnectionProviderImpl buildCreator
INFO: HHH10001012: Connecting with JDBC URL [jdbc:mysql://localhost:3306/todo_app]
wrz 19, 2022 10:22:13 AM org.hibernate.engine.jdbc.connections.internal.DriverManagerConnectionProviderImpl buildCreator
INFO: HHH10001001: Connection properties: {password=****, useUnicode=true, CharSet=utf8, characterEncoding=utf8, user=root}
wrz 19, 2022 10:22:13 AM org.hibernate.engine.jdbc.connections.internal.DriverManagerConnectionProviderImpl buildCreator
INFO: HHH10001003: Autocommit mode: false
wrz 19, 2022 10:22:13 AM org.hibernate.engine.jdbc.connections.internal.DriverManagerConnectionProviderImpl$PooledConnections <init>
INFO: HHH10001115: Connection pool size: 20 (min=1)
wrz 19, 2022 10:22:14 AM org.hibernate.engine.jdbc.dialect.internal.DialectFactoryImpl logSelectedDialect
INFO: HHH000400: Using dialect: org.hibernate.dialect.MySQLDialect
wrz 19, 2022 10:22:16 AM org.hibernate.resource.transaction.backend.jdbc.internal.DdlTransactionIsolatorNonJtaImpl getIsolatedConnection
INFO: HHH10001501: Connection obtained from JdbcConnectionAccess [org.hibernate.engine.jdbc.env.internal.JdbcEnvironmentInitiator$ConnectionProviderJdbcConnectionAccess@2a93d06e] for (non-JTA) DDL execution was not in auto-commit mode; the Connection 'local transaction' will be committed and the Connection will be set into auto-commit mode.
wrz 19, 2022 10:22:16 AM org.hibernate.engine.transaction.jta.platform.internal.JtaPlatformInitiator initiateService
INFO: HHH000490: Using JtaPlatform implementation: [org.hibernate.engine.transaction.jta.platform.internal.NoJtaPlatform]
wrz 19, 2022 10:22:16 AM com.sun.javafx.application.PlatformImpl startup
WARNING: Unsupported JavaFX configuration: classes were loaded from 'unnamed module @2357d90a'
